#
# A fatal error has been detected by the Java Runtime Environment:
#
#  EXCEPTION_ACCESS_VIOLATION (0xc0000005) at pc=0x000000006a749670, pid=18556, tid=29532
#
# JRE version: Java(TM) SE Runtime Environment (8.0_45-b15) (build 1.8.0_45-b15)
# Java VM: Java HotSpot(TM) 64-Bit Server VM (25.45-b02 mixed mode windows-amd64 compressed oops)
# Problematic frame:
# C  [gdx-freetype64.dll+0x9670]
#
# Failed to write core dump. Minidumps are not enabled by default on client versions of Windows
#
# If you would like to submit a bug report, please visit:
#   http://bugreport.java.com/bugreport/crash.jsp
# The crash happened outside the Java Virtual Machine in native code.
# See problematic frame for where to report the bug.
#

---------------  T H R E A D  ---------------

Current thread (0x000000001d48d000):  JavaThread "LWJGL Application" [_thread_in_native, id=29532, stack(0x0000000020130000,0x0000000020230000)]

siginfo: ExceptionCode=0xc0000005, reading address 0x000000002147cdf0

Registers:
RAX=0x000000006a7414f0, RBX=0x00000000225159b8, RCX=0x000000002147cd60, RDX=0x000000002022edd0
RSP=0x000000002022ed00, RBP=0x000000002022edc0, RSI=0x000000002147cd60, RDI=0x0000000000000029
R8 =0x000000002147cd60, R9 =0x0000000000000006, R10=0x0000000002be5e08, R11=0x0000000064a87ca0
R12=0x0000000000000000, R13=0x00000000225159b8, R14=0x000000002022ede8, R15=0x000000001d48d000
RIP=0x000000006a749670, EFLAGS=0x0000000000010206

Top of Stack: (sp=0x000000002022ed00)
0x000000002022ed00:   000000002022ee00 0000000000000082
0x000000002022ed10:   000000001d498ee0 000000006495a94c
0x000000002022ed20:   00000000000000b6 00000000225159b8
0x000000002022ed30:   0000000000000029 0000000000000029
0x000000002022ed40:   000000002022edc0 0000000002be5e34
0x000000002022ed50:   000000001d490a80 000000006491ac9b
0x000000002022ed60:   000000002022ee30 000000002022edd0
0x000000002022ed70:   0000000000000000 00000000648f8c5f
0x000000002022ed80:   000000002022ed80 0000000000000000
0x000000002022ed90:   000000002022ede8 0000000022517418
0x000000002022eda0:   0000000000000000 00000000225159b8
0x000000002022edb0:   0000000000000000 000000002022ede0
0x000000002022edc0:   000000002022ee30 0000000002bd7ced
0x000000002022edd0:   0000000781f34b60 0000000002bdf978
0x000000002022ede0:   000000002147cd60 000000001d48d000
0x000000002022edf0:   000000002022edf0 00000000225158c4 

Instructions: (pc=0x000000006a749670)
0x000000006a749650:   00 83 40 54 01 31 c0 f3 c3 0f 1f 80 00 00 00 00
0x000000006a749660:   55 57 56 53 48 83 ec 28 48 85 c9 48 89 ce 74 30
0x000000006a749670:   48 8b b9 90 00 00 00 48 85 ff 74 24 48 8b 81 d0
0x000000006a749680:   00 00 00 8b 48 54 8d 51 ff 89 50 54 31 c0 85 d2 


Register to memory mapping:

RAX=0x000000006a7414f0 is an unknown value
RBX={method} {0x00000000225159c0} 'doneFace' '(J)V' in 'com/badlogic/gdx/graphics/g2d/freetype/FreeType$Face'
RCX=0x000000002147cd60 is an unknown value
RDX=0x000000002022edd0 is pointing into the stack for thread: 0x000000001d48d000
RSP=0x000000002022ed00 is pointing into the stack for thread: 0x000000001d48d000
RBP=0x000000002022edc0 is pointing into the stack for thread: 0x000000001d48d000
RSI=0x000000002147cd60 is an unknown value
RDI=0x0000000000000029 is an unknown value
R8 =0x000000002147cd60 is an unknown value
R9 =0x0000000000000006 is an unknown value
R10=0x0000000002be5e08 is at code_begin+840 in an Interpreter codelet
method entry point (kind = native)  [0x0000000002be5ac0, 0x0000000002be6420]  2400 bytes
R11=0x0000000064a87ca0 is an unknown value
R12=0x0000000000000000 is an unknown value
R13={method} {0x00000000225159c0} 'doneFace' '(J)V' in 'com/badlogic/gdx/graphics/g2d/freetype/FreeType$Face'
R14=0x000000002022ede8 is pointing into the stack for thread: 0x000000001d48d000
R15=0x000000001d48d000 is a thread


Stack: [0x0000000020130000,0x0000000020230000],  sp=0x000000002022ed00,  free space=1019k
Native frames: (J=compiled Java code, j=interpreted, Vv=VM code, C=native code)
C  [gdx-freetype64.dll+0x9670]
C  0x0000000002be5e34

Java frames: (J=compiled Java code, j=interpreted, Vv=VM code)
j  com.badlogic.gdx.graphics.g2d.freetype.FreeType$Face.doneFace(J)V+0
j  com.badlogic.gdx.graphics.g2d.freetype.FreeType$Face.dispose()V+4
j  com.badlogic.gdx.graphics.g2d.freetype.FreeTypeFontGenerator.dispose()V+4
j  com.badlogic.gdx.assets.AssetManager.unload(Ljava/lang/String;)V+292
j  com.badlogic.gdx.assets.AssetManager.clear()V+225
j  com.badlogic.gdx.assets.AssetManager.dispose()V+10
j  com.bountive.sandbox.resources.AssetHandler.dispose()V+11
j  com.bountive.sandbox.SandBox.dispose()V+18
j  com.badlogic.gdx.backends.lwjgl.LwjglApplication.mainLoop()V+822
j  com.badlogic.gdx.backends.lwjgl.LwjglApplication$1.run()V+27
v  ~StubRoutines::call_stub

---------------  P R O C E S S  ---------------

Java Threads: ( => current thread )
  0x000000001d892800 JavaThread "LWJGL Timer" daemon [_thread_blocked, id=31688, stack(0x00000000225b0000,0x00000000226b0000)]
  0x000000001d531800 JavaThread "AsynchExecutor-Thread" daemon [_thread_blocked, id=5400, stack(0x0000000021300000,0x0000000021400000)]
  0x0000000002ad2800 JavaThread "DestroyJavaVM" [_thread_blocked, id=4644, stack(0x00000000026f0000,0x00000000027f0000)]
=>0x000000001d48d000 JavaThread "LWJGL Application" [_thread_in_native, id=29532, stack(0x0000000020130000,0x0000000020230000)]
  0x000000001d396000 JavaThread "AWT-Windows" daemon [_thread_in_native, id=12176, stack(0x000000001dd90000,0x000000001de90000)]
  0x000000001d274800 JavaThread "Java2D Disposer" daemon [_thread_blocked, id=35480, stack(0x000000001d970000,0x000000001da70000)]
  0x000000001c252800 JavaThread "Service Thread" daemon [_thread_blocked, id=2128, stack(0x000000001cb90000,0x000000001cc90000)]
  0x000000001c1e3000 JavaThread "C1 CompilerThread3" daemon [_thread_blocked, id=26892, stack(0x000000001ca90000,0x000000001cb90000)]
  0x000000001c1c8000 JavaThread "C2 CompilerThread2" daemon [_thread_blocked, id=18804, stack(0x000000001c990000,0x000000001ca90000)]
  0x000000001c1bc800 JavaThread "C2 CompilerThread1" daemon [_thread_blocked, id=38760, stack(0x000000001c890000,0x000000001c990000)]
  0x000000001c1b7000 JavaThread "C2 CompilerThread0" daemon [_thread_blocked, id=45404, stack(0x000000001c790000,0x000000001c890000)]
  0x000000001c1b5800 JavaThread "Attach Listener" daemon [_thread_blocked, id=21908, stack(0x000000001c690000,0x000000001c790000)]
  0x000000001c1b4800 JavaThread "Signal Dispatcher" daemon [_thread_blocked, id=35824, stack(0x000000001c590000,0x000000001c690000)]
  0x0000000002bca000 JavaThread "Finalizer" daemon [_thread_blocked, id=46116, stack(0x000000001c080000,0x000000001c180000)]
  0x000000001a16d000 JavaThread "Reference Handler" daemon [_thread_blocked, id=46416, stack(0x000000001bf80000,0x000000001c080000)]

Other Threads:
  0x000000001a169000 VMThread [stack: 0x000000001be80000,0x000000001bf80000] [id=23980]
  0x000000001c254000 WatcherThread [stack: 0x000000001cc90000,0x000000001cd90000] [id=13336]

VM state:not at safepoint (normal execution)

VM Mutex/Monitor currently owned by a thread: None

Heap:
 PSYoungGen      total 57344K, used 34726K [0x0000000780380000, 0x0000000784380000, 0x00000007c0000000)
  eden space 49152K, 70% used [0x0000000780380000,0x0000000782569ba0,0x0000000783380000)
  from space 8192K, 0% used [0x0000000783b80000,0x0000000783b80000,0x0000000784380000)
  to   space 8192K, 0% used [0x0000000783380000,0x0000000783380000,0x0000000783b80000)
 ParOldGen       total 131072K, used 0K [0x0000000700a00000, 0x0000000708a00000, 0x0000000780380000)
  object space 131072K, 0% used [0x0000000700a00000,0x0000000700a00000,0x0000000708a00000)
 Metaspace       used 11661K, capacity 11845K, committed 12032K, reserved 1060864K
  class space    used 1156K, capacity 1213K, committed 1280K, reserved 1048576K

Card table byte_map: [0x0000000011f90000,0x0000000012590000] byte_map_base: 0x000000000e78b000

Marking Bits: (ParMarkBitMap*) 0x0000000065064040
 Begin Bits: [0x0000000013190000, 0x0000000016168000)
 End Bits:   [0x0000000016168000, 0x0000000019140000)

Polling page: 0x00000000025c0000

CodeCache: size=245760Kb used=4716Kb max_used=4716Kb free=241043Kb
 bounds [0x0000000002bd0000, 0x0000000003070000, 0x0000000011bd0000]
 total_blobs=1901 nmethods=1315 adapters=499
 compilation: enabled

Compilation events (10 events):
Event: 27.305 Thread 0x000000001c1e3000 1311       3       java.nio.Buffer::nextGetIndex (38 bytes)
Event: 27.305 Thread 0x000000001c1e3000 nmethod 1311 0x0000000003065890 code [0x0000000003065a00, 0x0000000003065c28]
Event: 27.320 Thread 0x000000001c1e3000 1312       1       java.nio.HeapByteBuffer::_put (8 bytes)
Event: 27.321 Thread 0x000000001c1e3000 nmethod 1312 0x0000000003065550 code [0x00000000030656a0, 0x00000000030657d0]
Event: 27.321 Thread 0x000000001c1e3000 1313       1       java.nio.HeapByteBuffer::_get (7 bytes)
Event: 27.321 Thread 0x000000001c1e3000 nmethod 1313 0x0000000003065210 code [0x0000000003065360, 0x0000000003065490]
Event: 27.887 Thread 0x000000001c1e3000 1314       3       java.nio.HeapByteBuffer::putInt (20 bytes)
Event: 27.888 Thread 0x000000001c1e3000 nmethod 1314 0x0000000003069410 code [0x00000000030695a0, 0x0000000003069968]
Event: 27.888 Thread 0x000000001c1e3000 1315       3       java.nio.Bits::putInt (20 bytes)
Event: 27.888 Thread 0x000000001c1e3000 nmethod 1315 0x0000000003068fd0 code [0x0000000003069140, 0x0000000003069338]

GC Heap History (0 events):
No events

Deoptimization events (10 events):
Event: 0.586 Thread 0x0000000002ad2800 Uncommon trap: reason=unstable_if action=reinterpret pc=0x0000000002d75944 method=java.lang.String.indexOf([CII[CIII)I @ 3
Event: 0.678 Thread 0x0000000002ad2800 Uncommon trap: reason=unstable_if action=reinterpret pc=0x0000000002da4d34 method=sun.security.provider.DigestBase.engineUpdate(B)V @ 4
Event: 0.693 Thread 0x0000000002ad2800 Uncommon trap: reason=unstable_if action=reinterpret pc=0x0000000002da3da4 method=sun.security.provider.DigestBase.engineUpdate(B)V @ 4
Event: 0.914 Thread 0x0000000002ad2800 Uncommon trap: reason=unstable_if action=reinterpret pc=0x0000000002df04a4 method=com.badlogic.gdx.tools.texturepacker.ColorBleedEffect$Mask$MaskIterator.hasNext()Z @ 11
Event: 0.914 Thread 0x0000000002ad2800 Uncommon trap: reason=unstable_if action=reinterpret pc=0x0000000002dcba14 method=java.awt.image.DirectColorModel.getDataElements(ILjava/lang/Object;)Ljava/lang/Object; @ 11
Event: 1.236 Thread 0x0000000002ad2800 Uncommon trap: reason=unstable_if action=reinterpret pc=0x0000000002da448c method=sun.security.provider.DigestBase.engineUpdate([BII)V @ 1
Event: 2.908 Thread 0x000000001d48d000 Uncommon trap: reason=unstable_if action=reinterpret pc=0x0000000002f20288 method=com.badlogic.gdx.assets.AssetLoadingTask.update()Z @ 17
Event: 3.055 Thread 0x000000001d48d000 Uncommon trap: reason=unstable_if action=reinterpret pc=0x0000000002f327e4 method=com.badlogic.gdx.graphics.g2d.freetype.FreeTypeFontGenerator$FreeTypeBitmapFontData.getGlyph(C)Lcom/badlogic/gdx/graphics/g2d/BitmapFont$Glyph; @ 7
Event: 3.257 Thread 0x000000001d48d000 Uncommon trap: reason=unstable_if action=reinterpret pc=0x0000000002f21af0 method=com.badlogic.gdx.assets.AssetManager.update()Z @ 7
Event: 3.258 Thread 0x000000001d48d000 Uncommon trap: reason=unstable_if action=reinterpret pc=0x0000000002f17eb0 method=com.badlogic.gdx.assets.AssetLoadingTask.update()Z @ 17

Internal exceptions (10 events):
Event: 0.483 Thread 0x0000000002ad2800 Exception <a 'java/lang/NoSuchFieldError': method resolution failed> (0x00000007808adbf8) thrown at [C:\re\workspace\8-2-build-windows-amd64-cygwin\jdk8u45\3627\hotspot\src\share\vm\prims\methodHandles.cpp, line 1125]
Event: 0.632 Thread 0x0000000002ad2800 Exception <a 'java/io/FileNotFoundException'> (0x00000007809a0928) thrown at [C:\re\workspace\8-2-build-windows-amd64-cygwin\jdk8u45\3627\hotspot\src\share\vm\prims\jni.cpp, line 709]
Event: 0.678 Thread 0x0000000002ad2800 Implicit null exception at 0x0000000002da4a4f to 0x0000000002da4d21
Event: 0.693 Thread 0x0000000002ad2800 Implicit null exception at 0x0000000002da3ad5 to 0x0000000002da3d89
Event: 1.800 Thread 0x0000000002ad2800 Exception <a 'java/security/PrivilegedActionException'> (0x00000007814a0ac8) thrown at [C:\re\workspace\8-2-build-windows-amd64-cygwin\jdk8u45\3627\hotspot\src\share\vm\prims\jvm.cpp, line 1382]
Event: 1.800 Thread 0x0000000002ad2800 Exception <a 'java/security/PrivilegedActionException'> (0x00000007814a2600) thrown at [C:\re\workspace\8-2-build-windows-amd64-cygwin\jdk8u45\3627\hotspot\src\share\vm\prims\jvm.cpp, line 1382]
Event: 1.800 Thread 0x0000000002ad2800 Exception <a 'java/security/PrivilegedActionException'> (0x00000007814a3670) thrown at [C:\re\workspace\8-2-build-windows-amd64-cygwin\jdk8u45\3627\hotspot\src\share\vm\prims\jvm.cpp, line 1382]
Event: 1.801 Thread 0x0000000002ad2800 Exception <a 'java/security/PrivilegedActionException'> (0x00000007814a8620) thrown at [C:\re\workspace\8-2-build-windows-amd64-cygwin\jdk8u45\3627\hotspot\src\share\vm\prims\jvm.cpp, line 1382]
Event: 1.801 Thread 0x0000000002ad2800 Exception <a 'java/security/PrivilegedActionException'> (0x00000007814a91c8) thrown at [C:\re\workspace\8-2-build-windows-amd64-cygwin\jdk8u45\3627\hotspot\src\share\vm\prims\jvm.cpp, line 1382]
Event: 1.801 Thread 0x0000000002ad2800 Exception <a 'java/security/PrivilegedActionException'> (0x00000007814a9d40) thrown at [C:\re\workspace\8-2-build-windows-amd64-cygwin\jdk8u45\3627\hotspot\src\share\vm\prims\jvm.cpp, line 1382]

Events (10 events):
Event: 4.204 Executing VM operation: EnableBiasedLocking
Event: 4.204 Executing VM operation: EnableBiasedLocking done
Event: 4.419 Thread 0x000000001d48d000 DEOPT PACKING pc=0x0000000002fa6fff sp=0x000000002022ef70
Event: 4.419 Thread 0x000000001d48d000 DEOPT UNPACKING pc=0x0000000002c1787f sp=0x000000002022ed80 mode 0
Event: 28.777 loading class com/badlogic/gdx/backends/lwjgl/LwjglApplication$2
Event: 28.777 loading class com/badlogic/gdx/backends/lwjgl/LwjglApplication$2 done
Event: 28.779 loading class com/badlogic/gdx/utils/LongMap$Values
Event: 28.779 loading class com/badlogic/gdx/utils/LongMap$Values done
Event: 28.780 loading class com/badlogic/gdx/utils/LongMap$MapIterator
Event: 28.780 loading class com/badlogic/gdx/utils/LongMap$MapIterator done


Dynamic libraries:
0x000007f6b2ba0000 - 0x000007f6b2bd7000 	C:\Program Files\Java\jre1.8.0_45\bin\javaw.exe
0x000007f806dd0000 - 0x000007f806f8d000 	C:\Windows\SYSTEM32\ntdll.dll
0x000007f805dc0000 - 0x000007f805ef6000 	C:\Windows\system32\KERNEL32.DLL
0x000007f803e20000 - 0x000007f803f14000 	C:\Windows\system32\KERNELBASE.dll
0x000007f805b60000 - 0x000007f805c3e000 	C:\Windows\system32\ADVAPI32.dll
0x000007f804200000 - 0x000007f80434c000 	C:\Windows\system32\USER32.dll
0x000007f8021b0000 - 0x000007f80241a000 	C:\Windows\WinSxS\amd64_microsoft.windows.common-controls_6595b64144ccf1df_6.0.9200.17321_none_41866eeb718ed8b9\COMCTL32.dll
0x000007f806500000 - 0x000007f8065a5000 	C:\Windows\system32\msvcrt.dll
0x000007f8065c0000 - 0x000007f806608000 	C:\Windows\SYSTEM32\sechost.dll
0x000007f805810000 - 0x000007f805955000 	C:\Windows\system32\RPCRT4.dll
0x000007f806610000 - 0x000007f806751000 	C:\Windows\system32\GDI32.dll
0x000007f804350000 - 0x000007f804389000 	C:\Windows\system32\IMM32.DLL
0x000007f8043a0000 - 0x000007f8044b5000 	C:\Windows\system32\MSCTF.dll
0x00000000646e0000 - 0x00000000647b2000 	C:\Program Files\Java\jre1.8.0_45\bin\msvcr100.dll
0x0000000064860000 - 0x00000000650e3000 	C:\Program Files\Java\jre1.8.0_45\bin\server\jvm.dll
0x000007fffc1d0000 - 0x000007fffc1d9000 	C:\Windows\SYSTEM32\WSOCK32.dll
0x000007f800000000 - 0x000007f800020000 	C:\Windows\SYSTEM32\WINMM.dll
0x000007f800890000 - 0x000007f800899000 	C:\Windows\SYSTEM32\VERSION.dll
0x000007f805b00000 - 0x000007f805b07000 	C:\Windows\system32\PSAPI.DLL
0x000007f8041a0000 - 0x000007f8041f8000 	C:\Windows\system32\WS2_32.dll
0x000007fffe340000 - 0x000007fffe373000 	C:\Windows\SYSTEM32\WINMMBASE.dll
0x000007f804390000 - 0x000007f804399000 	C:\Windows\system32\NSI.dll
0x000007f803f20000 - 0x000007f803f6f000 	C:\Windows\SYSTEM32\cfgmgr32.dll
0x000007f804150000 - 0x000007f804172000 	C:\Windows\system32\DEVOBJ.dll
0x0000000065750000 - 0x000000006575f000 	C:\Program Files\Java\jre1.8.0_45\bin\verify.dll
0x0000000065210000 - 0x0000000065239000 	C:\Program Files\Java\jre1.8.0_45\bin\java.dll
0x0000000065730000 - 0x0000000065746000 	C:\Program Files\Java\jre1.8.0_45\bin\zip.dll
0x000007f8044c0000 - 0x000007f8057a5000 	C:\Windows\system32\SHELL32.dll
0x000007f806350000 - 0x000007f806500000 	C:\Windows\SYSTEM32\combase.dll
0x000007f805b10000 - 0x000007f805b60000 	C:\Windows\system32\SHLWAPI.dll
0x000007f802e20000 - 0x000007f802eb6000 	C:\Windows\SYSTEM32\SHCORE.dll
0x000007f803cd0000 - 0x000007f803ce5000 	C:\Windows\system32\profapi.dll
0x00000000644f0000 - 0x0000000064688000 	C:\Program Files\Java\jre1.8.0_45\bin\awt.dll
0x000007f805f70000 - 0x000007f806033000 	C:\Windows\system32\OLEAUT32.dll
0x000007fffd270000 - 0x000007fffd30f000 	C:\Windows\system32\apphelp.dll
0x000007f802ac0000 - 0x000007f802ae1000 	C:\Windows\system32\DWMAPI.DLL
0x000007f802790000 - 0x000007f802876000 	C:\Windows\system32\uxtheme.dll
0x000007f805c40000 - 0x000007f805dbe000 	C:\Windows\system32\ole32.dll
0x000007f803a80000 - 0x000007f803a8a000 	C:\Windows\SYSTEM32\CRYPTBASE.dll
0x000007f803a20000 - 0x000007f803a7c000 	C:\Windows\SYSTEM32\bcryptPrimitives.dll
0x000007ffe7b00000 - 0x000007ffe7d00000 	C:\Windows\system32\d3d9.dll
0x000007ffe3440000 - 0x000007ffe434f000 	C:\Windows\SYSTEM32\nvd3dumx.dll
0x0000000180000000 - 0x0000000180188000 	C:\Windows\system32\nvspcap64.dll
0x000007f806760000 - 0x000007f806930000 	C:\Windows\system32\SETUPAPI.dll
0x000007f803bf0000 - 0x000007f803c33000 	C:\Windows\system32\powrprof.dll
0x000007f800100000 - 0x000007f80025d000 	C:\Program Files (x86)\NVIDIA Corporation\3D Vision\nvSCPAPI64.dll
0x000007fffec20000 - 0x000007fffef71000 	C:\Windows\system32\nvapi64.dll
0x000007f803d10000 - 0x000007f803d65000 	C:\Windows\system32\WINTRUST.dll
0x000007f803f70000 - 0x000007f804141000 	C:\Windows\system32\CRYPT32.dll
0x000007f803cf0000 - 0x000007f803d06000 	C:\Windows\system32\MSASN1.dll
0x000007f801420000 - 0x000007f801494000 	C:\Windows\system32\dxgi.dll
0x0000000065580000 - 0x0000000065616000 	C:\Users\Andrew\AppData\Local\Temp\libgdxAndrew\2b3b7c7a\gdx64.dll
0x000007f8034c0000 - 0x000007f8034da000 	C:\Windows\SYSTEM32\CRYPTSP.dll
0x000007f803160000 - 0x000007f8031ab000 	C:\Windows\system32\rsaenh.dll
0x000007f804180000 - 0x000007f80419f000 	C:\Windows\system32\USERENV.dll
0x0000000064840000 - 0x000000006485a000 	C:\Program Files\Java\jre1.8.0_45\bin\net.dll
0x000007f803460000 - 0x000007f8034bc000 	C:\Windows\system32\mswsock.dll
0x000007f800260000 - 0x000007f80028a000 	C:\Windows\SYSTEM32\IPHLPAPI.DLL
0x000007f800290000 - 0x000007f80029a000 	C:\Windows\SYSTEM32\WINNSI.DLL
0x000007fffe230000 - 0x000007fffe243000 	C:\Windows\SYSTEM32\dhcpcsvc6.DLL
0x000007fffe210000 - 0x000007fffe228000 	C:\Windows\SYSTEM32\dhcpcsvc.DLL
0x0000000064820000 - 0x0000000064831000 	C:\Program Files\Java\jre1.8.0_45\bin\nio.dll
0x000000001fa30000 - 0x000000001fa83000 	C:\Users\Andrew\AppData\Local\Temp\libgdxAndrew\dc0f0009\lwjgl64.dll
0x000007fff6530000 - 0x000007fff664f000 	C:\Windows\SYSTEM32\OPENGL32.dll
0x000007fff7b40000 - 0x000007fff7b6c000 	C:\Windows\SYSTEM32\GLU32.dll
0x000007ffeb860000 - 0x000007ffeb94a000 	C:\Windows\SYSTEM32\DDRAW.dll
0x000007f800ce0000 - 0x000007f800ce8000 	C:\Windows\SYSTEM32\DCIMAN32.dll
0x000000001fb00000 - 0x000000001fb64000 	C:\Users\Andrew\AppData\Local\Temp\libgdxAndrew\dc0f0009\OpenAL64.dll
0x000007f806aa0000 - 0x000007f806b36000 	C:\Windows\SYSTEM32\clbcatq.dll
0x000007f8014d0000 - 0x000007f801532000 	C:\Windows\System32\MMDevApi.dll
0x000007fff49f0000 - 0x000007fff4a7b000 	C:\Windows\SYSTEM32\dsound.dll
0x000007fff9e20000 - 0x000007fff9e92000 	C:\Windows\SYSTEM32\AUDIOSES.DLL
0x00000000626a0000 - 0x00000000644ea000 	C:\Windows\SYSTEM32\nvoglv64.DLL
0x000007f803b50000 - 0x000007f803b61000 	C:\Windows\SYSTEM32\WTSAPI32.dll
0x000007f800310000 - 0x000007f80033e000 	C:\Windows\SYSTEM32\ntmarta.dll
0x000007f803b70000 - 0x000007f803bbd000 	C:\Windows\SYSTEM32\WINSTA.dll
0x000007fffe790000 - 0x000007fffe821000 	C:\Windows\SYSTEM32\mscms.dll
0x000007fff6e80000 - 0x000007fff6ec0000 	C:\Windows\SYSTEM32\icm32.dll
0x000000006a740000 - 0x000000006a7ed000 	C:\Users\Andrew\AppData\Local\Temp\libgdxAndrew\f5c4f5e2\gdx-freetype64.dll
0x000007fffa100000 - 0x000007fffa263000 	C:\Windows\SYSTEM32\dbghelp.dll

VM Arguments:
jvm_args: -Dfile.encoding=Cp1252 
java_command: com.bountive.sandbox.desktop.DesktopLauncher
java_class_path (initial): C:\Users\Andrew\Desktop\My Files\Program Projects\Java\Games\LibGDX Games\Sandbox\desktop\bin;C:\Users\Andrew\.gradle\caches\modules-2\files-2.1\com.badlogicgames.gdx\gdx-backend-headless\1.6.3\4da6508f118bcceed42b132199f863de48236128\gdx-backend-headless-1.6.3.jar;C:\Users\Andrew\.gradle\caches\modules-2\files-2.1\com.badlogicgames.gdx\gdx-backend-lwjgl\1.6.3\2ffa13e2566f0e4dd9453b5d813fe769fd71bddc\gdx-backend-lwjgl-1.6.3.jar;C:\Users\Andrew\.gradle\caches\modules-2\files-2.1\com.badlogicgames.gdx\gdx-box2d-platform\1.6.3\fc1c61954c12339ed04a49a8460e896d960cd02b\gdx-box2d-platform-1.6.3-natives-desktop.jar;C:\Users\Andrew\.gradle\caches\modules-2\files-2.1\com.badlogicgames.gdx\gdx-freetype-platform\1.6.3\926db4adcf60d6b0a39310d045ff937eb083fb6\gdx-freetype-platform-1.6.3-natives-desktop.jar;C:\Users\Andrew\.gradle\caches\modules-2\files-2.1\com.badlogicgames.gdx\gdx-platform\1.6.3\ad1992be5a69143593ef122eed73ea57ccaa4b14\gdx-platform-1.6.3-natives-desktop.jar;C:\Users\Andrew\.gradle\caches\modules-2\files-2.1\com.badlogicgames.gdx\gdx-tools\1.6.3\f5553744d4a1fb79ca2c90f32ea1b7768a742787\gdx-tools-1.6.3.jar;C:\Users\Andrew\.gradle\caches\modules-2\files-2.1\com.badlogicgames.gdx\gdx\1.6.3\f5848caaa3edeedce92361c61c716a1cb33587f\gdx-1.6.3.jar;C:\Users\Andrew\.gradle\caches\modules-2\files-2.1\com.badlogicgames.jlayer\jlayer\1.0.1-gdx\7cca83cec5c1b2f011362f4d85aabd71a73b049d\jlayer-1.0.1-gdx.jar;C:\Users\Andrew\.gradle\caches\modules-2\files-2.1\net.java.jinput\jinput-platform\2.0.5\385ee093e01f587f30ee1c8a2ee7d408fd732e16\jinput-platform-2.0.5-natives-windows.jar;C:\Users\Andrew\.gradle\caches\modules-2\files-2.1\net.java.jinput\jinput-platform\2.0.5\53f9c919f34d2ca9de8c51fc4e1e8282029a9232\jinput-platform-2.0.5-natives-osx.jar;C:\Users\Andrew\.gradle\caches\modules-2\files-2.1\net.java.jinput\jinput-platform\2.0.5\7ff832a6eb9ab6a767f1ade2b548092d0fa64795\jinput-platform-2.0.5-natives-linux.jar;C:\Users\Andrew\.gradle\caches\modules-2\f
Launcher Type: SUN_STANDARD

Environment Variables:
JAVA_HOME=C:\Program Files\Java\jdk1.8.0_45
PATH=C:/Program Files/Java/jre1.8.0_45/bin/server;C:/Program Files/Java/jre1.8.0_45/bin;C:/Program Files/Java/jre1.8.0_45/lib/amd64;C:\ProgramData\Oracle\Java\javapath;C:\Program Files (x86)\Intel\iCLS Client\;C:\Program Files\Intel\iCLS Client\;C:\Windows\system32;C:\Windows;C:\Windows\System32\Wbem;C:\Windows\System32\WindowsPowerShell\v1.0\;C:\Program Files\Intel\Intel(R) Management Engine Components\DAL;C:\Program Files\Intel\Intel(R) Management Engine Components\IPT;C:\Program Files (x86)\Intel\Intel(R) Management Engine Components\DAL;C:\Program Files (x86)\Intel\Intel(R) Management Engine Components\IPT;C:\Program Files (x86)\NVIDIA Corporation\PhysX\Common;C:\Program Files (x86)\Brackets\command;C:\Program Files (x86)\Skype\Phone\;C:\Program Files\Eclipse\Eclipse Luna;
USERNAME=Andrew
OS=Windows_NT
PROCESSOR_IDENTIFIER=Intel64 Family 6 Model 58 Stepping 9, GenuineIntel



---------------  S Y S T E M  ---------------

OS: Windows 8 , 64 bit Build 9200 (6.2.9200.16815)

CPU:total 8 (4 cores per cpu, 2 threads per core) family 6 model 58 stepping 9, cmov, cx8, fxsr, mmx, sse, sse2, sse3, ssse3, sse4.1, sse4.2, popcnt, avx, aes, clmul, erms, ht, tsc, tscinvbit, tscinv

Memory: 4k page, physical 12534748k(8459888k free), swap 18557080k(12219908k free)

vm_info: Java HotSpot(TM) 64-Bit Server VM (25.45-b02) for windows-amd64 JRE (1.8.0_45-b15), built on Apr 30 2015 12:40:44 by "java_re" with MS VC++ 10.0 (VS2010)

time: Thu Oct 01 00:08:41 2015
elapsed time: 28 seconds (0d 0h 0m 28s)

