#
# A fatal error has been detected by the Java Runtime Environment:
#
#  EXCEPTION_ACCESS_VIOLATION (0xc0000005) at pc=0x0000000000630298, pid=4340, tid=12444
#
# JRE version: Java(TM) SE Runtime Environment (8.0_45-b15) (build 1.8.0_45-b15)
# Java VM: Java HotSpot(TM) 64-Bit Server VM (25.45-b02 mixed mode windows-amd64 compressed oops)
# Problematic frame:
# C  0x0000000000630298
#
# Failed to write core dump. Minidumps are not enabled by default on client versions of Windows
#
# If you would like to submit a bug report, please visit:
#   http://bugreport.java.com/bugreport/crash.jsp
# The crash happened outside the Java Virtual Machine in native code.
# See problematic frame for where to report the bug.
#

---------------  T H R E A D  ---------------

Current thread (0x000000001cb3c800):  JavaThread "LWJGL Application" [_thread_in_native, id=12444, stack(0x000000001f7c0000,0x000000001f8c0000)]

siginfo: ExceptionCode=0xc0000005, ExceptionInformation=0x0000000000000008 0x0000000000630298

Registers:
RAX=0x0000000000000000, RBX=0x0000000000630150, RCX=0x0000000000630150, RDX=0x000000001f3dd050
RSP=0x000000001f8bef28, RBP=0x000000001f8bf058, RSI=0x000000000000002c, RDI=0x00000000022f7ced
R8 =0x000000001f3dd050, R9 =0x00000000000000db, R10=0x0000000002305e08, R11=0x0000000064a87ca0
R12=0x000000001f3dd050, R13=0x0000000000000010, R14=0x0000000000630150, R15=0x000000001cb3c800
RIP=0x0000000000630298, EFLAGS=0x0000000000010246

Top of Stack: (sp=0x000000001f8bef28)
0x000000001f8bef28:   000000006a74af59 000000001cc4ab60
0x000000001f8bef38:   00000000649156ba 000000001f8bf6c8
0x000000001f8bef48:   000000001f8befd8 000000006a7af49c
0x000000001f8bef58:   0000000000000000 00000000022f7ced
0x000000001f8bef68:   0000000000630150 000000000000002c
0x000000001f8bef78:   00000000022f7ced 000000001f8bf058
0x000000001f8bef88:   0000000000000000 0000000021ba1af8
0x000000001f8bef98:   000000001f8bf080 000000001cb3c800
0x000000001f8befa8:   000000006a7531a7 0000000019595640
0x000000001f8befb8:   0000000000000000 0000000019593db0
0x000000001f8befc8:   0000000000000000 0000000021ba1af8
0x000000001f8befd8:   0000000002305e34 00000000022f7a70
0x000000001f8befe8:   0000000000000020 0000000000000020
0x000000001f8beff8:   0000000781f28be0 0000000000000000
0x000000001f8bf008:   000000001f4177d0 0000000000000000
0x000000001f8bf018:   000000001f8bf018 0000000000000000 

Instructions: (pc=0x0000000000630298)
0x0000000000630278:   d0 9b 03 00 00 00 00 00 60 88 03 00 00 00 00 00
0x0000000000630288:   04 00 00 00 00 00 00 00 00 e0 1f 00 00 00 00 00
0x0000000000630298:   b0 d4 f0 06 f8 07 00 00 ff ff ff ff 00 00 00 00
0x00000000006302a8:   00 00 00 00 00 00 00 00 00 00 00 00 00 00 00 00 


Register to memory mapping:

RAX=0x0000000000000000 is an unknown value
RBX=0x0000000000630150 is an unknown value
RCX=0x0000000000630150 is an unknown value
RDX=0x000000001f3dd050 is an unknown value
RSP=0x000000001f8bef28 is pointing into the stack for thread: 0x000000001cb3c800
RBP=0x000000001f8bf058 is pointing into the stack for thread: 0x000000001cb3c800
RSI=0x000000000000002c is an unknown value
RDI=0x00000000022f7ced is at code_begin+2093 in an Interpreter codelet
invoke return entry points  [0x00000000022f74c0, 0x00000000022f7dc0]  2304 bytes
R8 =0x000000001f3dd050 is an unknown value
R9 =0x00000000000000db is an unknown value
R10=0x0000000002305e08 is at code_begin+840 in an Interpreter codelet
method entry point (kind = native)  [0x0000000002305ac0, 0x0000000002306420]  2400 bytes
R11=0x0000000064a87ca0 is an unknown value
R12=0x000000001f3dd050 is an unknown value
R13=0x0000000000000010 is an unknown value
R14=0x0000000000630150 is an unknown value
R15=0x000000001cb3c800 is a thread


Stack: [0x000000001f7c0000,0x000000001f8c0000],  sp=0x000000001f8bef28,  free space=1019k
Native frames: (J=compiled Java code, j=interpreted, Vv=VM code, C=native code)
C  0x0000000000630298

Java frames: (J=compiled Java code, j=interpreted, Vv=VM code)
j  com.badlogic.gdx.graphics.g2d.freetype.FreeType$Library.doneFreeType(J)V+0
j  com.badlogic.gdx.graphics.g2d.freetype.FreeType$Library.dispose()V+4
j  com.badlogic.gdx.graphics.g2d.freetype.FreeTypeFontGenerator.dispose()V+11
j  com.badlogic.gdx.assets.AssetManager.unload(Ljava/lang/String;)V+292
j  com.badlogic.gdx.assets.AssetManager.clear()V+225
j  com.badlogic.gdx.assets.AssetManager.dispose()V+10
j  com.bountive.sandbox.resources.AssetHandler.dispose()V+11
j  com.bountive.sandbox.SandBox.dispose()V+18
j  com.badlogic.gdx.backends.lwjgl.LwjglApplication.mainLoop()V+822
j  com.badlogic.gdx.backends.lwjgl.LwjglApplication$1.run()V+27
v  ~StubRoutines::call_stub

---------------  P R O C E S S  ---------------

Java Threads: ( => current thread )
  0x000000001cbf1000 JavaThread "LWJGL Timer" daemon [_thread_blocked, id=20588, stack(0x0000000022c60000,0x0000000022d60000)]
  0x000000001cec4000 JavaThread "AsynchExecutor-Thread" daemon [_thread_blocked, id=29204, stack(0x0000000021ec0000,0x0000000021fc0000)]
  0x00000000021f2800 JavaThread "DestroyJavaVM" [_thread_blocked, id=49848, stack(0x0000000001d60000,0x0000000001e60000)]
=>0x000000001cb3c800 JavaThread "LWJGL Application" [_thread_in_native, id=12444, stack(0x000000001f7c0000,0x000000001f8c0000)]
  0x000000001c8f8800 JavaThread "AWT-Windows" daemon [_thread_in_native, id=48380, stack(0x000000001d460000,0x000000001d560000)]
  0x000000001c916800 JavaThread "Java2D Disposer" daemon [_thread_blocked, id=3640, stack(0x000000001d030000,0x000000001d130000)]
  0x000000001b8e5800 JavaThread "Service Thread" daemon [_thread_blocked, id=35524, stack(0x000000001c250000,0x000000001c350000)]
  0x000000001b8de000 JavaThread "C1 CompilerThread3" daemon [_thread_blocked, id=33276, stack(0x000000001c150000,0x000000001c250000)]
  0x000000001b8db000 JavaThread "C2 CompilerThread2" daemon [_thread_blocked, id=44880, stack(0x000000001c050000,0x000000001c150000)]
  0x000000001b8d6800 JavaThread "C2 CompilerThread1" daemon [_thread_blocked, id=34380, stack(0x000000001bf50000,0x000000001c050000)]
  0x000000001b877000 JavaThread "C2 CompilerThread0" daemon [_thread_blocked, id=16960, stack(0x000000001be50000,0x000000001bf50000)]
  0x000000001b875800 JavaThread "Attach Listener" daemon [_thread_blocked, id=23788, stack(0x000000001bd50000,0x000000001be50000)]
  0x000000001b874800 JavaThread "Signal Dispatcher" daemon [_thread_blocked, id=46600, stack(0x000000001bc50000,0x000000001bd50000)]
  0x00000000022ea000 JavaThread "Finalizer" daemon [_thread_blocked, id=28868, stack(0x000000001b750000,0x000000001b850000)]
  0x000000001984d000 JavaThread "Reference Handler" daemon [_thread_blocked, id=16416, stack(0x000000001b650000,0x000000001b750000)]

Other Threads:
  0x0000000019849000 VMThread [stack: 0x000000001b550000,0x000000001b650000] [id=33488]
  0x000000001b8e7000 WatcherThread [stack: 0x000000001c350000,0x000000001c450000] [id=23940]

VM state:not at safepoint (normal execution)

VM Mutex/Monitor currently owned by a thread: None

Heap:
 PSYoungGen      total 57344K, used 33795K [0x0000000780380000, 0x0000000784380000, 0x00000007c0000000)
  eden space 49152K, 68% used [0x0000000780380000,0x0000000782480c60,0x0000000783380000)
  from space 8192K, 0% used [0x0000000783b80000,0x0000000783b80000,0x0000000784380000)
  to   space 8192K, 0% used [0x0000000783380000,0x0000000783380000,0x0000000783b80000)
 ParOldGen       total 131072K, used 0K [0x0000000700a00000, 0x0000000708a00000, 0x0000000780380000)
  object space 131072K, 0% used [0x0000000700a00000,0x0000000700a00000,0x0000000708a00000)
 Metaspace       used 11395K, capacity 11537K, committed 11776K, reserved 1060864K
  class space    used 1154K, capacity 1213K, committed 1280K, reserved 1048576K

Card table byte_map: [0x00000000116b0000,0x0000000011cb0000] byte_map_base: 0x000000000deab000

Marking Bits: (ParMarkBitMap*) 0x0000000065064040
 Begin Bits: [0x00000000128b0000, 0x0000000015888000)
 End Bits:   [0x0000000015888000, 0x0000000018860000)

Polling page: 0x00000000005d0000

CodeCache: size=245760Kb used=3819Kb max_used=3819Kb free=241940Kb
 bounds [0x00000000022f0000, 0x00000000026b0000, 0x00000000112f0000]
 total_blobs=1605 nmethods=1034 adapters=484
 compilation: enabled

Compilation events (10 events):
Event: 5.159 Thread 0x000000001b8de000 1029       3       java.lang.Integer::getChars (131 bytes)
Event: 5.160 Thread 0x000000001b8de000 nmethod 1029 0x00000000026a5f10 code [0x00000000026a60a0, 0x00000000026a6510]
Event: 5.176 Thread 0x000000001b8de000 1030       3       com.badlogic.gdx.graphics.g2d.SpriteBatch::setupMatrices (76 bytes)
Event: 5.180 Thread 0x000000001b8de000 nmethod 1030 0x00000000026a6950 code [0x00000000026a6d60, 0x00000000026a8698]
Event: 5.180 Thread 0x000000001b8de000 1031       3       com.badlogic.gdx.graphics.glutils.ShaderProgram::setUniformMatrix (8 bytes)
Event: 5.181 Thread 0x000000001b8de000 nmethod 1031 0x00000000026a9e10 code [0x00000000026a9fe0, 0x00000000026aa538]
Event: 5.318 Thread 0x000000001b8de000 1033   !   3       org.lwjgl.opengl.Display::isFullscreen (34 bytes)
Event: 5.318 Thread 0x000000001b8de000 nmethod 1033 0x00000000026aacd0 code [0x00000000026aae40, 0x00000000026ab270]
Event: 5.319 Thread 0x000000001b8de000 1034       3       com.badlogic.gdx.utils.Array::removeIndex (109 bytes)
Event: 5.320 Thread 0x000000001b8de000 nmethod 1034 0x00000000026ab390 code [0x00000000026ab5e0, 0x00000000026ac4c8]

GC Heap History (0 events):
No events

Deoptimization events (9 events):
Event: 0.583 Thread 0x00000000021f2800 Uncommon trap: reason=unstable_if action=reinterpret pc=0x000000000248d0c4 method=java.lang.String.indexOf([CII[CIII)I @ 3
Event: 0.677 Thread 0x00000000021f2800 Uncommon trap: reason=unstable_if action=reinterpret pc=0x00000000024bb534 method=sun.security.provider.DigestBase.engineUpdate(B)V @ 4
Event: 0.694 Thread 0x00000000021f2800 Uncommon trap: reason=unstable_if action=reinterpret pc=0x00000000024bad68 method=sun.security.provider.DigestBase.engineUpdate(B)V @ 4
Event: 0.888 Thread 0x00000000021f2800 Uncommon trap: reason=unstable_if action=reinterpret pc=0x000000000250badc method=com.badlogic.gdx.tools.texturepacker.ColorBleedEffect$Mask$MaskIterator.hasNext()Z @ 11
Event: 0.921 Thread 0x00000000021f2800 Uncommon trap: reason=unstable_if action=reinterpret pc=0x000000000250a310 method=com.badlogic.gdx.tools.texturepacker.ColorBleedEffect$Mask$MaskIterator.hasNext()Z @ 11
Event: 0.921 Thread 0x00000000021f2800 Uncommon trap: reason=unstable_if action=reinterpret pc=0x00000000024e6614 method=java.awt.image.DirectColorModel.getDataElements(ILjava/lang/Object;)Ljava/lang/Object; @ 11
Event: 1.692 Thread 0x00000000021f2800 Uncommon trap: reason=unstable_if action=reinterpret pc=0x00000000024c0710 method=sun.security.provider.DigestBase.engineUpdate([BII)V @ 1
Event: 4.224 Thread 0x000000001cb3c800 Uncommon trap: reason=unstable_if action=reinterpret pc=0x0000000002647224 method=com.badlogic.gdx.graphics.g2d.freetype.FreeTypeFontGenerator$FreeTypeBitmapFontData.getGlyph(C)Lcom/badlogic/gdx/graphics/g2d/BitmapFont$Glyph; @ 7
Event: 4.648 Thread 0x000000001cb3c800 Uncommon trap: reason=unstable_if action=reinterpret pc=0x000000000262ffb0 method=com.badlogic.gdx.assets.AssetManager.update()Z @ 7

Internal exceptions (10 events):
Event: 0.510 Thread 0x00000000021f2800 Exception <a 'java/lang/NoSuchFieldError': method resolution failed> (0x00000007808adec0) thrown at [C:\re\workspace\8-2-build-windows-amd64-cygwin\jdk8u45\3627\hotspot\src\share\vm\prims\methodHandles.cpp, line 1125]
Event: 0.629 Thread 0x00000000021f2800 Exception <a 'java/io/FileNotFoundException'> (0x00000007809a0928) thrown at [C:\re\workspace\8-2-build-windows-amd64-cygwin\jdk8u45\3627\hotspot\src\share\vm\prims\jni.cpp, line 709]
Event: 0.677 Thread 0x00000000021f2800 Implicit null exception at 0x00000000024bb24f to 0x00000000024bb521
Event: 0.694 Thread 0x00000000021f2800 Implicit null exception at 0x00000000024baa95 to 0x00000000024bad4d
Event: 2.207 Thread 0x00000000021f2800 Exception <a 'java/security/PrivilegedActionException'> (0x00000007814a9b20) thrown at [C:\re\workspace\8-2-build-windows-amd64-cygwin\jdk8u45\3627\hotspot\src\share\vm\prims\jvm.cpp, line 1382]
Event: 2.208 Thread 0x00000000021f2800 Exception <a 'java/security/PrivilegedActionException'> (0x00000007814ab658) thrown at [C:\re\workspace\8-2-build-windows-amd64-cygwin\jdk8u45\3627\hotspot\src\share\vm\prims\jvm.cpp, line 1382]
Event: 2.208 Thread 0x00000000021f2800 Exception <a 'java/security/PrivilegedActionException'> (0x00000007814ac6c8) thrown at [C:\re\workspace\8-2-build-windows-amd64-cygwin\jdk8u45\3627\hotspot\src\share\vm\prims\jvm.cpp, line 1382]
Event: 2.209 Thread 0x00000000021f2800 Exception <a 'java/security/PrivilegedActionException'> (0x00000007814b1678) thrown at [C:\re\workspace\8-2-build-windows-amd64-cygwin\jdk8u45\3627\hotspot\src\share\vm\prims\jvm.cpp, line 1382]
Event: 2.209 Thread 0x00000000021f2800 Exception <a 'java/security/PrivilegedActionException'> (0x00000007814b2220) thrown at [C:\re\workspace\8-2-build-windows-amd64-cygwin\jdk8u45\3627\hotspot\src\share\vm\prims\jvm.cpp, line 1382]
Event: 2.209 Thread 0x00000000021f2800 Exception <a 'java/security/PrivilegedActionException'> (0x00000007814b2d98) thrown at [C:\re\workspace\8-2-build-windows-amd64-cygwin\jdk8u45\3627\hotspot\src\share\vm\prims\jvm.cpp, line 1382]

Events (10 events):
Event: 4.683 loading class org/lwjgl/opengl/Sync$RunningAvg done
Event: 4.685 loading class org/lwjgl/opengl/Sync$1
Event: 4.685 loading class org/lwjgl/opengl/Sync$1 done
Event: 4.686 Thread 0x000000001cbf1000 Thread added: 0x000000001cbf1000
Event: 5.317 loading class com/badlogic/gdx/backends/lwjgl/LwjglApplication$2
Event: 5.317 loading class com/badlogic/gdx/backends/lwjgl/LwjglApplication$2 done
Event: 5.319 loading class com/badlogic/gdx/utils/LongMap$Values
Event: 5.319 loading class com/badlogic/gdx/utils/LongMap$Values done
Event: 5.320 loading class com/badlogic/gdx/utils/LongMap$MapIterator
Event: 5.320 loading class com/badlogic/gdx/utils/LongMap$MapIterator done


Dynamic libraries:
0x000007f6b2ba0000 - 0x000007f6b2bd7000 	C:\Program Files\Java\jre1.8.0_45\bin\javaw.exe
0x000007f806dd0000 - 0x000007f806f8d000 	C:\Windows\SYSTEM32\ntdll.dll
0x000007f805dc0000 - 0x000007f805ef6000 	C:\Windows\system32\KERNEL32.DLL
0x000007f803e20000 - 0x000007f803f14000 	C:\Windows\system32\KERNELBASE.dll
0x000007f805b60000 - 0x000007f805c3e000 	C:\Windows\system32\ADVAPI32.dll
0x000007f804200000 - 0x000007f80434c000 	C:\Windows\system32\USER32.dll
0x000007f8021b0000 - 0x000007f80241a000 	C:\Windows\WinSxS\amd64_microsoft.windows.common-controls_6595b64144ccf1df_6.0.9200.17321_none_41866eeb718ed8b9\COMCTL32.dll
0x000007f806500000 - 0x000007f8065a5000 	C:\Windows\system32\msvcrt.dll
0x000007f8065c0000 - 0x000007f806608000 	C:\Windows\SYSTEM32\sechost.dll
0x000007f805810000 - 0x000007f805955000 	C:\Windows\system32\RPCRT4.dll
0x000007f806610000 - 0x000007f806751000 	C:\Windows\system32\GDI32.dll
0x000007f804350000 - 0x000007f804389000 	C:\Windows\system32\IMM32.DLL
0x000007f8043a0000 - 0x000007f8044b5000 	C:\Windows\system32\MSCTF.dll
0x00000000645b0000 - 0x0000000064682000 	C:\Program Files\Java\jre1.8.0_45\bin\msvcr100.dll
0x0000000064860000 - 0x00000000650e3000 	C:\Program Files\Java\jre1.8.0_45\bin\server\jvm.dll
0x000007fffc1d0000 - 0x000007fffc1d9000 	C:\Windows\SYSTEM32\WSOCK32.dll
0x000007f800000000 - 0x000007f800020000 	C:\Windows\SYSTEM32\WINMM.dll
0x000007f800890000 - 0x000007f800899000 	C:\Windows\SYSTEM32\VERSION.dll
0x000007f805b00000 - 0x000007f805b07000 	C:\Windows\system32\PSAPI.DLL
0x000007f8041a0000 - 0x000007f8041f8000 	C:\Windows\system32\WS2_32.dll
0x000007fffe340000 - 0x000007fffe373000 	C:\Windows\SYSTEM32\WINMMBASE.dll
0x000007f804390000 - 0x000007f804399000 	C:\Windows\system32\NSI.dll
0x000007f803f20000 - 0x000007f803f6f000 	C:\Windows\SYSTEM32\cfgmgr32.dll
0x000007f804150000 - 0x000007f804172000 	C:\Windows\system32\DEVOBJ.dll
0x0000000065750000 - 0x000000006575f000 	C:\Program Files\Java\jre1.8.0_45\bin\verify.dll
0x0000000065210000 - 0x0000000065239000 	C:\Program Files\Java\jre1.8.0_45\bin\java.dll
0x0000000065730000 - 0x0000000065746000 	C:\Program Files\Java\jre1.8.0_45\bin\zip.dll
0x000007f8044c0000 - 0x000007f8057a5000 	C:\Windows\system32\SHELL32.dll
0x000007f806350000 - 0x000007f806500000 	C:\Windows\SYSTEM32\combase.dll
0x000007f805b10000 - 0x000007f805b60000 	C:\Windows\system32\SHLWAPI.dll
0x000007f802e20000 - 0x000007f802eb6000 	C:\Windows\SYSTEM32\SHCORE.dll
0x000007f803cd0000 - 0x000007f803ce5000 	C:\Windows\system32\profapi.dll
0x0000000064410000 - 0x00000000645a8000 	C:\Program Files\Java\jre1.8.0_45\bin\awt.dll
0x000007f805f70000 - 0x000007f806033000 	C:\Windows\system32\OLEAUT32.dll
0x000007fffd270000 - 0x000007fffd30f000 	C:\Windows\system32\apphelp.dll
0x000007f802ac0000 - 0x000007f802ae1000 	C:\Windows\system32\DWMAPI.DLL
0x000007f802790000 - 0x000007f802876000 	C:\Windows\system32\uxtheme.dll
0x000007f805c40000 - 0x000007f805dbe000 	C:\Windows\system32\ole32.dll
0x000007f803a80000 - 0x000007f803a8a000 	C:\Windows\SYSTEM32\CRYPTBASE.dll
0x000007f803a20000 - 0x000007f803a7c000 	C:\Windows\SYSTEM32\bcryptPrimitives.dll
0x000007ffe7b00000 - 0x000007ffe7d00000 	C:\Windows\system32\d3d9.dll
0x000007ffe3440000 - 0x000007ffe434f000 	C:\Windows\SYSTEM32\nvd3dumx.dll
0x0000000180000000 - 0x0000000180188000 	C:\Windows\system32\nvspcap64.dll
0x000007f806760000 - 0x000007f806930000 	C:\Windows\system32\SETUPAPI.dll
0x000007f803bf0000 - 0x000007f803c33000 	C:\Windows\system32\powrprof.dll
0x000007f800100000 - 0x000007f80025d000 	C:\Program Files (x86)\NVIDIA Corporation\3D Vision\nvSCPAPI64.dll
0x000007fffec20000 - 0x000007fffef71000 	C:\Windows\system32\nvapi64.dll
0x000007f803d10000 - 0x000007f803d65000 	C:\Windows\system32\WINTRUST.dll
0x000007f803f70000 - 0x000007f804141000 	C:\Windows\system32\CRYPT32.dll
0x000007f803cf0000 - 0x000007f803d06000 	C:\Windows\system32\MSASN1.dll
0x000007f801420000 - 0x000007f801494000 	C:\Windows\system32\dxgi.dll
0x0000000065580000 - 0x0000000065616000 	C:\Users\Andrew\AppData\Local\Temp\libgdxAndrew\2b3b7c7a\gdx64.dll
0x000007f8034c0000 - 0x000007f8034da000 	C:\Windows\SYSTEM32\CRYPTSP.dll
0x000007f803160000 - 0x000007f8031ab000 	C:\Windows\system32\rsaenh.dll
0x000007f804180000 - 0x000007f80419f000 	C:\Windows\system32\USERENV.dll
0x0000000064840000 - 0x000000006485a000 	C:\Program Files\Java\jre1.8.0_45\bin\net.dll
0x000007f803460000 - 0x000007f8034bc000 	C:\Windows\system32\mswsock.dll
0x000007f800260000 - 0x000007f80028a000 	C:\Windows\SYSTEM32\IPHLPAPI.DLL
0x000007f800290000 - 0x000007f80029a000 	C:\Windows\SYSTEM32\WINNSI.DLL
0x000007fffe230000 - 0x000007fffe243000 	C:\Windows\SYSTEM32\dhcpcsvc6.DLL
0x000007fffe210000 - 0x000007fffe228000 	C:\Windows\SYSTEM32\dhcpcsvc.DLL
0x0000000064820000 - 0x0000000064831000 	C:\Program Files\Java\jre1.8.0_45\bin\nio.dll
0x000000001e960000 - 0x000000001e9b3000 	C:\Users\Andrew\AppData\Local\Temp\libgdxAndrew\dc0f0009\lwjgl64.dll
0x000007ffeb830000 - 0x000007ffeb94f000 	C:\Windows\SYSTEM32\OPENGL32.dll
0x000007fff9fd0000 - 0x000007fff9ffc000 	C:\Windows\SYSTEM32\GLU32.dll
0x000007fff6560000 - 0x000007fff664a000 	C:\Windows\SYSTEM32\DDRAW.dll
0x000007f8008a0000 - 0x000007f8008a8000 	C:\Windows\SYSTEM32\DCIMAN32.dll
0x000000001f170000 - 0x000000001f1d4000 	C:\Users\Andrew\AppData\Local\Temp\libgdxAndrew\dc0f0009\OpenAL64.dll
0x000007f806aa0000 - 0x000007f806b36000 	C:\Windows\SYSTEM32\clbcatq.dll
0x000007f8014d0000 - 0x000007f801532000 	C:\Windows\System32\MMDevApi.dll
0x000007fff49f0000 - 0x000007fff4a7b000 	C:\Windows\SYSTEM32\dsound.dll
0x000007fff9e20000 - 0x000007fff9e92000 	C:\Windows\SYSTEM32\AUDIOSES.DLL
0x00000000625c0000 - 0x000000006440a000 	C:\Windows\SYSTEM32\nvoglv64.DLL
0x000007f803b50000 - 0x000007f803b61000 	C:\Windows\SYSTEM32\WTSAPI32.dll
0x000007f800310000 - 0x000007f80033e000 	C:\Windows\SYSTEM32\ntmarta.dll
0x000007f803b70000 - 0x000007f803bbd000 	C:\Windows\SYSTEM32\WINSTA.dll
0x000007fffe790000 - 0x000007fffe821000 	C:\Windows\SYSTEM32\mscms.dll
0x000007fff7a30000 - 0x000007fff7a70000 	C:\Windows\SYSTEM32\icm32.dll
0x000000006a740000 - 0x000000006a7ed000 	C:\Users\Andrew\AppData\Local\Temp\libgdxAndrew\f5c4f5e2\gdx-freetype64.dll
0x000007fffa100000 - 0x000007fffa263000 	C:\Windows\SYSTEM32\dbghelp.dll

VM Arguments:
jvm_args: -Dfile.encoding=Cp1252 
java_command: com.bountive.sandbox.desktop.DesktopLauncher
java_class_path (initial): C:\Users\Andrew\Desktop\My Files\Program Projects\Java\Games\LibGDX Games\Sandbox\desktop\bin;C:\Users\Andrew\.gradle\caches\modules-2\files-2.1\com.badlogicgames.gdx\gdx-backend-headless\1.6.3\4da6508f118bcceed42b132199f863de48236128\gdx-backend-headless-1.6.3.jar;C:\Users\Andrew\.gradle\caches\modules-2\files-2.1\com.badlogicgames.gdx\gdx-backend-lwjgl\1.6.3\2ffa13e2566f0e4dd9453b5d813fe769fd71bddc\gdx-backend-lwjgl-1.6.3.jar;C:\Users\Andrew\.gradle\caches\modules-2\files-2.1\com.badlogicgames.gdx\gdx-box2d-platform\1.6.3\fc1c61954c12339ed04a49a8460e896d960cd02b\gdx-box2d-platform-1.6.3-natives-desktop.jar;C:\Users\Andrew\.gradle\caches\modules-2\files-2.1\com.badlogicgames.gdx\gdx-freetype-platform\1.6.3\926db4adcf60d6b0a39310d045ff937eb083fb6\gdx-freetype-platform-1.6.3-natives-desktop.jar;C:\Users\Andrew\.gradle\caches\modules-2\files-2.1\com.badlogicgames.gdx\gdx-platform\1.6.3\ad1992be5a69143593ef122eed73ea57ccaa4b14\gdx-platform-1.6.3-natives-desktop.jar;C:\Users\Andrew\.gradle\caches\modules-2\files-2.1\com.badlogicgames.gdx\gdx-tools\1.6.3\f5553744d4a1fb79ca2c90f32ea1b7768a742787\gdx-tools-1.6.3.jar;C:\Users\Andrew\.gradle\caches\modules-2\files-2.1\com.badlogicgames.gdx\gdx\1.6.3\f5848caaa3edeedce92361c61c716a1cb33587f\gdx-1.6.3.jar;C:\Users\Andrew\.gradle\caches\modules-2\files-2.1\com.badlogicgames.jlayer\jlayer\1.0.1-gdx\7cca83cec5c1b2f011362f4d85aabd71a73b049d\jlayer-1.0.1-gdx.jar;C:\Users\Andrew\.gradle\caches\modules-2\files-2.1\net.java.jinput\jinput-platform\2.0.5\385ee093e01f587f30ee1c8a2ee7d408fd732e16\jinput-platform-2.0.5-natives-windows.jar;C:\Users\Andrew\.gradle\caches\modules-2\files-2.1\net.java.jinput\jinput-platform\2.0.5\53f9c919f34d2ca9de8c51fc4e1e8282029a9232\jinput-platform-2.0.5-natives-osx.jar;C:\Users\Andrew\.gradle\caches\modules-2\files-2.1\net.java.jinput\jinput-platform\2.0.5\7ff832a6eb9ab6a767f1ade2b548092d0fa64795\jinput-platform-2.0.5-natives-linux.jar;C:\Users\Andrew\.gradle\caches\modules-2\f
Launcher Type: SUN_STANDARD

Environment Variables:
JAVA_HOME=C:\Program Files\Java\jdk1.8.0_45
PATH=C:/Program Files/Java/jre1.8.0_45/bin/server;C:/Program Files/Java/jre1.8.0_45/bin;C:/Program Files/Java/jre1.8.0_45/lib/amd64;C:\ProgramData\Oracle\Java\javapath;C:\Program Files (x86)\Intel\iCLS Client\;C:\Program Files\Intel\iCLS Client\;C:\Windows\system32;C:\Windows;C:\Windows\System32\Wbem;C:\Windows\System32\WindowsPowerShell\v1.0\;C:\Program Files\Intel\Intel(R) Management Engine Components\DAL;C:\Program Files\Intel\Intel(R) Management Engine Components\IPT;C:\Program Files (x86)\Intel\Intel(R) Management Engine Components\DAL;C:\Program Files (x86)\Intel\Intel(R) Management Engine Components\IPT;C:\Program Files (x86)\NVIDIA Corporation\PhysX\Common;C:\Program Files (x86)\Brackets\command;C:\Program Files (x86)\Skype\Phone\;C:\Program Files\Eclipse\Eclipse Luna;
USERNAME=Andrew
OS=Windows_NT
PROCESSOR_IDENTIFIER=Intel64 Family 6 Model 58 Stepping 9, GenuineIntel



---------------  S Y S T E M  ---------------

OS: Windows 8 , 64 bit Build 9200 (6.2.9200.16815)

CPU:total 8 (4 cores per cpu, 2 threads per core) family 6 model 58 stepping 9, cmov, cx8, fxsr, mmx, sse, sse2, sse3, ssse3, sse4.1, sse4.2, popcnt, avx, aes, clmul, erms, ht, tsc, tscinvbit, tscinv

Memory: 4k page, physical 12534748k(4620884k free), swap 16073692k(5162016k free)

vm_info: Java HotSpot(TM) 64-Bit Server VM (25.45-b02) for windows-amd64 JRE (1.8.0_45-b15), built on Apr 30 2015 12:40:44 by "java_re" with MS VC++ 10.0 (VS2010)

time: Wed Sep 30 23:18:43 2015
elapsed time: 5 seconds (0d 0h 0m 5s)

