#
# A fatal error has been detected by the Java Runtime Environment:
#
#  EXCEPTION_ACCESS_VIOLATION (0xc0000005) at pc=0x000000006a749670, pid=48744, tid=6376
#
# JRE version: Java(TM) SE Runtime Environment (8.0_45-b15) (build 1.8.0_45-b15)
# Java VM: Java HotSpot(TM) 64-Bit Server VM (25.45-b02 mixed mode windows-amd64 compressed oops)
# Problematic frame:
# C  [gdx-freetype64.dll+0x9670]
#
# Failed to write core dump. Minidumps are not enabled by default on client versions of Windows
#
# If you would like to submit a bug report, please visit:
#   http://bugreport.java.com/bugreport/crash.jsp
# The crash happened outside the Java Virtual Machine in native code.
# See problematic frame for where to report the bug.
#

---------------  T H R E A D  ---------------

Current thread (0x000000001ce72800):  JavaThread "LWJGL Application" [_thread_in_native, id=6376, stack(0x000000001fb10000,0x000000001fc10000)]

siginfo: ExceptionCode=0xc0000005, reading address 0x0000000020d5cdf0

Registers:
RAX=0x000000006a7414f0, RBX=0x0000000021ff8418, RCX=0x0000000020d5cd60, RDX=0x000000001fc0efd0
RSP=0x000000001fc0ef00, RBP=0x000000001fc0efc0, RSI=0x0000000020d5cd60, RDI=0x0000000000000029
R8 =0x0000000020d5cd60, R9 =0x000000001ce63b60, R10=0x0000000002645e08, R11=0x0000000064a87ca0
R12=0x0000000000000000, R13=0x0000000021ff8418, R14=0x000000001fc0efe8, R15=0x000000001ce72800
RIP=0x000000006a749670, EFLAGS=0x0000000000010206

Top of Stack: (sp=0x000000001fc0ef00)
0x000000001fc0ef00:   000000001fc0f0a0 0000000002652363
0x000000001fc0ef10:   00000000026356d0 0000000000000000
0x000000001fc0ef20:   000000001fc0f0f8 0000000021ff8418
0x000000001fc0ef30:   0000000000000029 0000000000000029
0x000000001fc0ef40:   000000001fc0efc0 0000000002645e34
0x000000001fc0ef50:   0000000021fe7578 000000001ce72800
0x000000001fc0ef60:   0000000000000002 0000000000000000
0x000000001fc0ef70:   0000000000000000 00000000648f8c5f
0x000000001fc0ef80:   000000001fc0ef80 0000000000000000
0x000000001fc0ef90:   000000001fc0efe8 0000000021ff9e78
0x000000001fc0efa0:   0000000000000000 0000000021ff8418
0x000000001fc0efb0:   0000000000000000 000000001fc0efe0
0x000000001fc0efc0:   000000001fc0f030 0000000002637ced
0x000000001fc0efd0:   00000007833cb0b0 000000000263f978
0x000000001fc0efe0:   0000000020d5cd60 000000001ce72800
0x000000001fc0eff0:   000000001fc0eff0 0000000021ff8324 

Instructions: (pc=0x000000006a749670)
0x000000006a749650:   00 83 40 54 01 31 c0 f3 c3 0f 1f 80 00 00 00 00
0x000000006a749660:   55 57 56 53 48 83 ec 28 48 85 c9 48 89 ce 74 30
0x000000006a749670:   48 8b b9 90 00 00 00 48 85 ff 74 24 48 8b 81 d0
0x000000006a749680:   00 00 00 8b 48 54 8d 51 ff 89 50 54 31 c0 85 d2 


Register to memory mapping:

RAX=0x000000006a7414f0 is an unknown value
RBX={method} {0x0000000021ff8420} 'doneFace' '(J)V' in 'com/badlogic/gdx/graphics/g2d/freetype/FreeType$Face'
RCX=0x0000000020d5cd60 is an unknown value
RDX=0x000000001fc0efd0 is pointing into the stack for thread: 0x000000001ce72800
RSP=0x000000001fc0ef00 is pointing into the stack for thread: 0x000000001ce72800
RBP=0x000000001fc0efc0 is pointing into the stack for thread: 0x000000001ce72800
RSI=0x0000000020d5cd60 is an unknown value
RDI=0x0000000000000029 is an unknown value
R8 =0x0000000020d5cd60 is an unknown value
R9 =0x000000001ce63b60 is an unknown value
R10=0x0000000002645e08 is at code_begin+840 in an Interpreter codelet
method entry point (kind = native)  [0x0000000002645ac0, 0x0000000002646420]  2400 bytes
R11=0x0000000064a87ca0 is an unknown value
R12=0x0000000000000000 is an unknown value
R13={method} {0x0000000021ff8420} 'doneFace' '(J)V' in 'com/badlogic/gdx/graphics/g2d/freetype/FreeType$Face'
R14=0x000000001fc0efe8 is pointing into the stack for thread: 0x000000001ce72800
R15=0x000000001ce72800 is a thread


Stack: [0x000000001fb10000,0x000000001fc10000],  sp=0x000000001fc0ef00,  free space=1019k
Native frames: (J=compiled Java code, j=interpreted, Vv=VM code, C=native code)
C  [gdx-freetype64.dll+0x9670]
C  0x0000000002645e34

Java frames: (J=compiled Java code, j=interpreted, Vv=VM code)
j  com.badlogic.gdx.graphics.g2d.freetype.FreeType$Face.doneFace(J)V+0
j  com.badlogic.gdx.graphics.g2d.freetype.FreeType$Face.dispose()V+4
j  com.badlogic.gdx.graphics.g2d.freetype.FreeTypeFontGenerator.dispose()V+4
j  com.badlogic.gdx.assets.AssetManager.unload(Ljava/lang/String;)V+292
j  com.badlogic.gdx.assets.AssetManager.clear()V+225
j  com.badlogic.gdx.assets.AssetManager.dispose()V+10
j  com.bountive.sandbox.resources.AssetHandler.dispose()V+11
j  com.bountive.sandbox.SandBox.dispose()V+18
j  com.badlogic.gdx.backends.lwjgl.LwjglApplication.mainLoop()V+822
j  com.badlogic.gdx.backends.lwjgl.LwjglApplication$1.run()V+27
v  ~StubRoutines::call_stub

---------------  P R O C E S S  ---------------

Java Threads: ( => current thread )
  0x000000001d062800 JavaThread "LWJGL Timer" daemon [_thread_blocked, id=39620, stack(0x0000000021980000,0x0000000021a80000)]
  0x000000001cf15800 JavaThread "AsynchExecutor-Thread" daemon [_thread_blocked, id=37208, stack(0x000000001d6b0000,0x000000001d7b0000)]
  0x0000000002532800 JavaThread "DestroyJavaVM" [_thread_blocked, id=48444, stack(0x0000000002150000,0x0000000002250000)]
=>0x000000001ce72800 JavaThread "LWJGL Application" [_thread_in_native, id=6376, stack(0x000000001fb10000,0x000000001fc10000)]
  0x000000001cdf3000 JavaThread "AWT-Windows" daemon [_thread_in_native, id=45860, stack(0x000000001d7b0000,0x000000001d8b0000)]
  0x000000001cc80000 JavaThread "Java2D Disposer" daemon [_thread_blocked, id=29900, stack(0x000000001d370000,0x000000001d470000)]
  0x000000001bc54000 JavaThread "Service Thread" daemon [_thread_blocked, id=1752, stack(0x000000001c590000,0x000000001c690000)]
  0x000000001bbcb800 JavaThread "C1 CompilerThread3" daemon [_thread_blocked, id=47692, stack(0x000000001c490000,0x000000001c590000)]
  0x000000001bbc8800 JavaThread "C2 CompilerThread2" daemon [_thread_blocked, id=34160, stack(0x000000001c390000,0x000000001c490000)]
  0x000000001bbbf000 JavaThread "C2 CompilerThread1" daemon [_thread_blocked, id=31900, stack(0x000000001c290000,0x000000001c390000)]
  0x000000001bbba000 JavaThread "C2 CompilerThread0" daemon [_thread_blocked, id=35992, stack(0x000000001c190000,0x000000001c290000)]
  0x000000001bbb8000 JavaThread "Attach Listener" daemon [_thread_blocked, id=2864, stack(0x000000001c090000,0x000000001c190000)]
  0x000000001bbb7000 JavaThread "Signal Dispatcher" daemon [_thread_blocked, id=20064, stack(0x000000001bf90000,0x000000001c090000)]
  0x000000000262c000 JavaThread "Finalizer" daemon [_thread_blocked, id=24388, stack(0x000000001ba90000,0x000000001bb90000)]
  0x0000000002624000 JavaThread "Reference Handler" daemon [_thread_blocked, id=5276, stack(0x000000001b990000,0x000000001ba90000)]

Other Threads:
  0x0000000019b89800 VMThread [stack: 0x000000001b890000,0x000000001b990000] [id=19740]
  0x000000001bc57800 WatcherThread [stack: 0x000000001c690000,0x000000001c790000] [id=33788]

VM state:not at safepoint (normal execution)

VM Mutex/Monitor currently owned by a thread: None

Heap:
 PSYoungGen      total 57344K, used 49992K [0x0000000780380000, 0x0000000784380000, 0x00000007c0000000)
  eden space 49152K, 85% used [0x0000000780380000,0x0000000782c84010,0x0000000783380000)
  from space 8192K, 97% used [0x0000000783380000,0x0000000783b4e140,0x0000000783b80000)
  to   space 8192K, 0% used [0x0000000783b80000,0x0000000783b80000,0x0000000784380000)
 ParOldGen       total 131072K, used 80K [0x0000000700a00000, 0x0000000708a00000, 0x0000000780380000)
  object space 131072K, 0% used [0x0000000700a00000,0x0000000700a14010,0x0000000708a00000)
 Metaspace       used 11551K, capacity 11729K, committed 12032K, reserved 1060864K
  class space    used 1154K, capacity 1213K, committed 1280K, reserved 1048576K

Card table byte_map: [0x00000000119f0000,0x0000000011ff0000] byte_map_base: 0x000000000e1eb000

Marking Bits: (ParMarkBitMap*) 0x0000000065064040
 Begin Bits: [0x0000000012bf0000, 0x0000000015bc8000)
 End Bits:   [0x0000000015bc8000, 0x0000000018ba0000)

Polling page: 0x0000000000870000

CodeCache: size=245760Kb used=4663Kb max_used=4663Kb free=241096Kb
 bounds [0x0000000002630000, 0x0000000002ad0000, 0x0000000011630000]
 total_blobs=1861 nmethods=1290 adapters=484
 compilation: enabled

Compilation events (10 events):
Event: 12.276 Thread 0x000000001bbcb800 1286       3       java.lang.Integer::toString (48 bytes)
Event: 12.277 Thread 0x000000001bbcb800 nmethod 1286 0x0000000002abc590 code [0x0000000002abc760, 0x0000000002abcda8]
Event: 12.469 Thread 0x000000001bbcb800 1287       3       com.badlogic.gdx.utils.Array::iterator (27 bytes)
Event: 12.470 Thread 0x000000001bbcb800 nmethod 1287 0x0000000002ab6d90 code [0x0000000002ab6f20, 0x0000000002ab72a8]
Event: 12.470 Thread 0x000000001bbcb800 1288       3       com.badlogic.gdx.utils.Array$ArrayIterable::iterator (113 bytes)
Event: 12.471 Thread 0x000000001bbcb800 nmethod 1288 0x0000000002abd150 code [0x0000000002abd2e0, 0x0000000002abd790]
Event: 12.625 Thread 0x000000001bbcb800 1289       3       com.badlogic.gdx.scenes.scene2d.Stage::fireEnterAndExit (154 bytes)
Event: 12.627 Thread 0x000000001bbcb800 nmethod 1289 0x0000000002abd990 code [0x0000000002abdc00, 0x0000000002abeb38]
Event: 12.733 Thread 0x000000001bbcb800 1290       3       com.badlogic.gdx.utils.Array::removeIndex (109 bytes)
Event: 12.735 Thread 0x000000001bbcb800 nmethod 1290 0x0000000002abf2d0 code [0x0000000002abf520, 0x0000000002ac0408]

GC Heap History (2 events):
Event: 6.099 GC heap before
{Heap before GC invocations=1 (full 0):
 PSYoungGen      total 57344K, used 49152K [0x0000000780380000, 0x0000000784380000, 0x00000007c0000000)
  eden space 49152K, 100% used [0x0000000780380000,0x0000000783380000,0x0000000783380000)
  from space 8192K, 0% used [0x0000000783b80000,0x0000000783b80000,0x0000000784380000)
  to   space 8192K, 0% used [0x0000000783380000,0x0000000783380000,0x0000000783b80000)
 ParOldGen       total 131072K, used 0K [0x0000000700a00000, 0x0000000708a00000, 0x0000000780380000)
  object space 131072K, 0% used [0x0000000700a00000,0x0000000700a00000,0x0000000708a00000)
 Metaspace       used 11484K, capacity 11665K, committed 12032K, reserved 1060864K
  class space    used 1152K, capacity 1213K, committed 1280K, reserved 1048576K
Event: 6.111 GC heap after
Heap after GC invocations=1 (full 0):
 PSYoungGen      total 57344K, used 7992K [0x0000000780380000, 0x0000000784380000, 0x00000007c0000000)
  eden space 49152K, 0% used [0x0000000780380000,0x0000000780380000,0x0000000783380000)
  from space 8192K, 97% used [0x0000000783380000,0x0000000783b4e140,0x0000000783b80000)
  to   space 8192K, 0% used [0x0000000783b80000,0x0000000783b80000,0x0000000784380000)
 ParOldGen       total 131072K, used 80K [0x0000000700a00000, 0x0000000708a00000, 0x0000000780380000)
  object space 131072K, 0% used [0x0000000700a00000,0x0000000700a14010,0x0000000708a00000)
 Metaspace       used 11484K, capacity 11665K, committed 12032K, reserved 1060864K
  class space    used 1152K, capacity 1213K, committed 1280K, reserved 1048576K
}

Deoptimization events (9 events):
Event: 0.567 Thread 0x0000000002532800 Uncommon trap: reason=unstable_if action=reinterpret pc=0x00000000027d03c4 method=java.lang.String.indexOf([CII[CIII)I @ 3
Event: 0.651 Thread 0x0000000002532800 Uncommon trap: reason=unstable_if action=reinterpret pc=0x00000000028029f8 method=sun.security.provider.DigestBase.engineUpdate(B)V @ 4
Event: 0.667 Thread 0x0000000002532800 Uncommon trap: reason=unstable_if action=reinterpret pc=0x00000000027fde68 method=sun.security.provider.DigestBase.engineUpdate(B)V @ 4
Event: 0.844 Thread 0x0000000002532800 Uncommon trap: reason=unstable_if action=reinterpret pc=0x00000000028515dc method=com.badlogic.gdx.tools.texturepacker.ColorBleedEffect$Mask$MaskIterator.hasNext()Z @ 11
Event: 0.884 Thread 0x0000000002532800 Uncommon trap: reason=unstable_if action=reinterpret pc=0x000000000282e514 method=java.awt.image.DirectColorModel.getDataElements(ILjava/lang/Object;)Ljava/lang/Object; @ 11
Event: 1.214 Thread 0x0000000002532800 Uncommon trap: reason=unstable_if action=reinterpret pc=0x00000000028066d0 method=sun.security.provider.DigestBase.engineUpdate([BII)V @ 1
Event: 2.885 Thread 0x000000001ce72800 Uncommon trap: reason=unstable_if action=reinterpret pc=0x000000000297df0c method=com.badlogic.gdx.assets.AssetLoadingTask.update()Z @ 17
Event: 3.038 Thread 0x000000001ce72800 Uncommon trap: reason=unstable_if action=reinterpret pc=0x000000000298e8e4 method=com.badlogic.gdx.graphics.g2d.freetype.FreeTypeFontGenerator$FreeTypeBitmapFontData.getGlyph(C)Lcom/badlogic/gdx/graphics/g2d/BitmapFont$Glyph; @ 7
Event: 3.249 Thread 0x000000001ce72800 Uncommon trap: reason=unstable_if action=reinterpret pc=0x000000000297b42c method=com.badlogic.gdx.assets.AssetLoadingTask.update()Z @ 17

Internal exceptions (10 events):
Event: 0.495 Thread 0x0000000002532800 Exception <a 'java/lang/NoSuchFieldError': method resolution failed> (0x00000007808adbf8) thrown at [C:\re\workspace\8-2-build-windows-amd64-cygwin\jdk8u45\3627\hotspot\src\share\vm\prims\methodHandles.cpp, line 1125]
Event: 0.606 Thread 0x0000000002532800 Exception <a 'java/io/FileNotFoundException'> (0x00000007809a0928) thrown at [C:\re\workspace\8-2-build-windows-amd64-cygwin\jdk8u45\3627\hotspot\src\share\vm\prims\jni.cpp, line 709]
Event: 0.651 Thread 0x0000000002532800 Implicit null exception at 0x000000000280270f to 0x00000000028029e5
Event: 0.667 Thread 0x0000000002532800 Implicit null exception at 0x00000000027fdb95 to 0x00000000027fde4d
Event: 1.803 Thread 0x0000000002532800 Exception <a 'java/security/PrivilegedActionException'> (0x000000078149d368) thrown at [C:\re\workspace\8-2-build-windows-amd64-cygwin\jdk8u45\3627\hotspot\src\share\vm\prims\jvm.cpp, line 1382]
Event: 1.804 Thread 0x0000000002532800 Exception <a 'java/security/PrivilegedActionException'> (0x000000078149eea0) thrown at [C:\re\workspace\8-2-build-windows-amd64-cygwin\jdk8u45\3627\hotspot\src\share\vm\prims\jvm.cpp, line 1382]
Event: 1.804 Thread 0x0000000002532800 Exception <a 'java/security/PrivilegedActionException'> (0x000000078149ff10) thrown at [C:\re\workspace\8-2-build-windows-amd64-cygwin\jdk8u45\3627\hotspot\src\share\vm\prims\jvm.cpp, line 1382]
Event: 1.804 Thread 0x0000000002532800 Exception <a 'java/security/PrivilegedActionException'> (0x00000007814a4ec0) thrown at [C:\re\workspace\8-2-build-windows-amd64-cygwin\jdk8u45\3627\hotspot\src\share\vm\prims\jvm.cpp, line 1382]
Event: 1.804 Thread 0x0000000002532800 Exception <a 'java/security/PrivilegedActionException'> (0x00000007814a5a68) thrown at [C:\re\workspace\8-2-build-windows-amd64-cygwin\jdk8u45\3627\hotspot\src\share\vm\prims\jvm.cpp, line 1382]
Event: 1.805 Thread 0x0000000002532800 Exception <a 'java/security/PrivilegedActionException'> (0x00000007814a65e0) thrown at [C:\re\workspace\8-2-build-windows-amd64-cygwin\jdk8u45\3627\hotspot\src\share\vm\prims\jvm.cpp, line 1382]

Events (10 events):
Event: 6.099 Executing VM operation: ParallelGCFailedAllocation
Event: 6.111 Executing VM operation: ParallelGCFailedAllocation done
Event: 10.799 Thread 0x000000001ce72800 DEOPT PACKING pc=0x0000000002a95199 sp=0x000000001fc0eee0
Event: 10.799 Thread 0x000000001ce72800 DEOPT UNPACKING pc=0x000000000267787f sp=0x000000001fc0ec08 mode 0
Event: 12.732 loading class com/badlogic/gdx/backends/lwjgl/LwjglApplication$2
Event: 12.732 loading class com/badlogic/gdx/backends/lwjgl/LwjglApplication$2 done
Event: 12.734 loading class com/badlogic/gdx/utils/LongMap$Values
Event: 12.734 loading class com/badlogic/gdx/utils/LongMap$Values done
Event: 12.735 loading class com/badlogic/gdx/utils/LongMap$MapIterator
Event: 12.735 loading class com/badlogic/gdx/utils/LongMap$MapIterator done


Dynamic libraries:
0x000007f6b2ba0000 - 0x000007f6b2bd7000 	C:\Program Files\Java\jre1.8.0_45\bin\javaw.exe
0x000007f806dd0000 - 0x000007f806f8d000 	C:\Windows\SYSTEM32\ntdll.dll
0x000007f805dc0000 - 0x000007f805ef6000 	C:\Windows\system32\KERNEL32.DLL
0x000007f803e20000 - 0x000007f803f14000 	C:\Windows\system32\KERNELBASE.dll
0x000007f805b60000 - 0x000007f805c3e000 	C:\Windows\system32\ADVAPI32.dll
0x000007f804200000 - 0x000007f80434c000 	C:\Windows\system32\USER32.dll
0x000007f8021b0000 - 0x000007f80241a000 	C:\Windows\WinSxS\amd64_microsoft.windows.common-controls_6595b64144ccf1df_6.0.9200.17321_none_41866eeb718ed8b9\COMCTL32.dll
0x000007f806500000 - 0x000007f8065a5000 	C:\Windows\system32\msvcrt.dll
0x000007f8065c0000 - 0x000007f806608000 	C:\Windows\SYSTEM32\sechost.dll
0x000007f805810000 - 0x000007f805955000 	C:\Windows\system32\RPCRT4.dll
0x000007f806610000 - 0x000007f806751000 	C:\Windows\system32\GDI32.dll
0x000007f804350000 - 0x000007f804389000 	C:\Windows\system32\IMM32.DLL
0x000007f8043a0000 - 0x000007f8044b5000 	C:\Windows\system32\MSCTF.dll
0x00000000646e0000 - 0x00000000647b2000 	C:\Program Files\Java\jre1.8.0_45\bin\msvcr100.dll
0x0000000064860000 - 0x00000000650e3000 	C:\Program Files\Java\jre1.8.0_45\bin\server\jvm.dll
0x000007fffc1d0000 - 0x000007fffc1d9000 	C:\Windows\SYSTEM32\WSOCK32.dll
0x000007f800000000 - 0x000007f800020000 	C:\Windows\SYSTEM32\WINMM.dll
0x000007f800890000 - 0x000007f800899000 	C:\Windows\SYSTEM32\VERSION.dll
0x000007f805b00000 - 0x000007f805b07000 	C:\Windows\system32\PSAPI.DLL
0x000007f8041a0000 - 0x000007f8041f8000 	C:\Windows\system32\WS2_32.dll
0x000007fffe340000 - 0x000007fffe373000 	C:\Windows\SYSTEM32\WINMMBASE.dll
0x000007f804390000 - 0x000007f804399000 	C:\Windows\system32\NSI.dll
0x000007f803f20000 - 0x000007f803f6f000 	C:\Windows\SYSTEM32\cfgmgr32.dll
0x000007f804150000 - 0x000007f804172000 	C:\Windows\system32\DEVOBJ.dll
0x0000000065750000 - 0x000000006575f000 	C:\Program Files\Java\jre1.8.0_45\bin\verify.dll
0x0000000065210000 - 0x0000000065239000 	C:\Program Files\Java\jre1.8.0_45\bin\java.dll
0x0000000065730000 - 0x0000000065746000 	C:\Program Files\Java\jre1.8.0_45\bin\zip.dll
0x000007f8044c0000 - 0x000007f8057a5000 	C:\Windows\system32\SHELL32.dll
0x000007f806350000 - 0x000007f806500000 	C:\Windows\SYSTEM32\combase.dll
0x000007f805b10000 - 0x000007f805b60000 	C:\Windows\system32\SHLWAPI.dll
0x000007f802e20000 - 0x000007f802eb6000 	C:\Windows\SYSTEM32\SHCORE.dll
0x000007f803cd0000 - 0x000007f803ce5000 	C:\Windows\system32\profapi.dll
0x00000000644f0000 - 0x0000000064688000 	C:\Program Files\Java\jre1.8.0_45\bin\awt.dll
0x000007f805f70000 - 0x000007f806033000 	C:\Windows\system32\OLEAUT32.dll
0x000007fffd270000 - 0x000007fffd30f000 	C:\Windows\system32\apphelp.dll
0x000007f802ac0000 - 0x000007f802ae1000 	C:\Windows\system32\DWMAPI.DLL
0x000007f802790000 - 0x000007f802876000 	C:\Windows\system32\uxtheme.dll
0x000007f805c40000 - 0x000007f805dbe000 	C:\Windows\system32\ole32.dll
0x000007f803a80000 - 0x000007f803a8a000 	C:\Windows\SYSTEM32\CRYPTBASE.dll
0x000007f803a20000 - 0x000007f803a7c000 	C:\Windows\SYSTEM32\bcryptPrimitives.dll
0x000007ffe7b00000 - 0x000007ffe7d00000 	C:\Windows\system32\d3d9.dll
0x000007ffe3440000 - 0x000007ffe434f000 	C:\Windows\SYSTEM32\nvd3dumx.dll
0x0000000180000000 - 0x0000000180188000 	C:\Windows\system32\nvspcap64.dll
0x000007f806760000 - 0x000007f806930000 	C:\Windows\system32\SETUPAPI.dll
0x000007f803bf0000 - 0x000007f803c33000 	C:\Windows\system32\powrprof.dll
0x000007f800100000 - 0x000007f80025d000 	C:\Program Files (x86)\NVIDIA Corporation\3D Vision\nvSCPAPI64.dll
0x000007fffec20000 - 0x000007fffef71000 	C:\Windows\system32\nvapi64.dll
0x000007f803d10000 - 0x000007f803d65000 	C:\Windows\system32\WINTRUST.dll
0x000007f803f70000 - 0x000007f804141000 	C:\Windows\system32\CRYPT32.dll
0x000007f803cf0000 - 0x000007f803d06000 	C:\Windows\system32\MSASN1.dll
0x000007f801420000 - 0x000007f801494000 	C:\Windows\system32\dxgi.dll
0x0000000065580000 - 0x0000000065616000 	C:\Users\Andrew\AppData\Local\Temp\libgdxAndrew\2b3b7c7a\gdx64.dll
0x000007f8034c0000 - 0x000007f8034da000 	C:\Windows\SYSTEM32\CRYPTSP.dll
0x000007f803160000 - 0x000007f8031ab000 	C:\Windows\system32\rsaenh.dll
0x000007f804180000 - 0x000007f80419f000 	C:\Windows\system32\USERENV.dll
0x0000000064840000 - 0x000000006485a000 	C:\Program Files\Java\jre1.8.0_45\bin\net.dll
0x000007f803460000 - 0x000007f8034bc000 	C:\Windows\system32\mswsock.dll
0x000007f800260000 - 0x000007f80028a000 	C:\Windows\SYSTEM32\IPHLPAPI.DLL
0x000007f800290000 - 0x000007f80029a000 	C:\Windows\SYSTEM32\WINNSI.DLL
0x000007fffe230000 - 0x000007fffe243000 	C:\Windows\SYSTEM32\dhcpcsvc6.DLL
0x000007fffe210000 - 0x000007fffe228000 	C:\Windows\SYSTEM32\dhcpcsvc.DLL
0x0000000064820000 - 0x0000000064831000 	C:\Program Files\Java\jre1.8.0_45\bin\nio.dll
0x000000001ecf0000 - 0x000000001ed43000 	C:\Users\Andrew\AppData\Local\Temp\libgdxAndrew\dc0f0009\lwjgl64.dll
0x000007fff1090000 - 0x000007fff11af000 	C:\Windows\SYSTEM32\OPENGL32.dll
0x000007fff9fd0000 - 0x000007fff9ffc000 	C:\Windows\SYSTEM32\GLU32.dll
0x000007fff6490000 - 0x000007fff657a000 	C:\Windows\SYSTEM32\DDRAW.dll
0x000007f800c60000 - 0x000007f800c68000 	C:\Windows\SYSTEM32\DCIMAN32.dll
0x000000001f540000 - 0x000000001f5a4000 	C:\Users\Andrew\AppData\Local\Temp\libgdxAndrew\dc0f0009\OpenAL64.dll
0x000007f806aa0000 - 0x000007f806b36000 	C:\Windows\SYSTEM32\clbcatq.dll
0x000007f8014d0000 - 0x000007f801532000 	C:\Windows\System32\MMDevApi.dll
0x000007fff49f0000 - 0x000007fff4a7b000 	C:\Windows\SYSTEM32\dsound.dll
0x000007fff9e20000 - 0x000007fff9e92000 	C:\Windows\SYSTEM32\AUDIOSES.DLL
0x00000000626a0000 - 0x00000000644ea000 	C:\Windows\SYSTEM32\nvoglv64.DLL
0x000007f803b50000 - 0x000007f803b61000 	C:\Windows\SYSTEM32\WTSAPI32.dll
0x000007f800310000 - 0x000007f80033e000 	C:\Windows\SYSTEM32\ntmarta.dll
0x000007f803b70000 - 0x000007f803bbd000 	C:\Windows\SYSTEM32\WINSTA.dll
0x000007fffe790000 - 0x000007fffe821000 	C:\Windows\SYSTEM32\mscms.dll
0x000007fff7b30000 - 0x000007fff7b70000 	C:\Windows\SYSTEM32\icm32.dll
0x000000006a740000 - 0x000000006a7ed000 	C:\Users\Andrew\AppData\Local\Temp\libgdxAndrew\f5c4f5e2\gdx-freetype64.dll
0x000007fffa100000 - 0x000007fffa263000 	C:\Windows\SYSTEM32\dbghelp.dll

VM Arguments:
jvm_args: -Dfile.encoding=Cp1252 
java_command: com.bountive.sandbox.desktop.DesktopLauncher
java_class_path (initial): C:\Users\Andrew\Desktop\My Files\Program Projects\Java\Games\LibGDX Games\Sandbox\desktop\bin;C:\Users\Andrew\.gradle\caches\modules-2\files-2.1\com.badlogicgames.gdx\gdx-backend-headless\1.6.3\4da6508f118bcceed42b132199f863de48236128\gdx-backend-headless-1.6.3.jar;C:\Users\Andrew\.gradle\caches\modules-2\files-2.1\com.badlogicgames.gdx\gdx-backend-lwjgl\1.6.3\2ffa13e2566f0e4dd9453b5d813fe769fd71bddc\gdx-backend-lwjgl-1.6.3.jar;C:\Users\Andrew\.gradle\caches\modules-2\files-2.1\com.badlogicgames.gdx\gdx-box2d-platform\1.6.3\fc1c61954c12339ed04a49a8460e896d960cd02b\gdx-box2d-platform-1.6.3-natives-desktop.jar;C:\Users\Andrew\.gradle\caches\modules-2\files-2.1\com.badlogicgames.gdx\gdx-freetype-platform\1.6.3\926db4adcf60d6b0a39310d045ff937eb083fb6\gdx-freetype-platform-1.6.3-natives-desktop.jar;C:\Users\Andrew\.gradle\caches\modules-2\files-2.1\com.badlogicgames.gdx\gdx-platform\1.6.3\ad1992be5a69143593ef122eed73ea57ccaa4b14\gdx-platform-1.6.3-natives-desktop.jar;C:\Users\Andrew\.gradle\caches\modules-2\files-2.1\com.badlogicgames.gdx\gdx-tools\1.6.3\f5553744d4a1fb79ca2c90f32ea1b7768a742787\gdx-tools-1.6.3.jar;C:\Users\Andrew\.gradle\caches\modules-2\files-2.1\com.badlogicgames.gdx\gdx\1.6.3\f5848caaa3edeedce92361c61c716a1cb33587f\gdx-1.6.3.jar;C:\Users\Andrew\.gradle\caches\modules-2\files-2.1\com.badlogicgames.jlayer\jlayer\1.0.1-gdx\7cca83cec5c1b2f011362f4d85aabd71a73b049d\jlayer-1.0.1-gdx.jar;C:\Users\Andrew\.gradle\caches\modules-2\files-2.1\net.java.jinput\jinput-platform\2.0.5\385ee093e01f587f30ee1c8a2ee7d408fd732e16\jinput-platform-2.0.5-natives-windows.jar;C:\Users\Andrew\.gradle\caches\modules-2\files-2.1\net.java.jinput\jinput-platform\2.0.5\53f9c919f34d2ca9de8c51fc4e1e8282029a9232\jinput-platform-2.0.5-natives-osx.jar;C:\Users\Andrew\.gradle\caches\modules-2\files-2.1\net.java.jinput\jinput-platform\2.0.5\7ff832a6eb9ab6a767f1ade2b548092d0fa64795\jinput-platform-2.0.5-natives-linux.jar;C:\Users\Andrew\.gradle\caches\modules-2\f
Launcher Type: SUN_STANDARD

Environment Variables:
JAVA_HOME=C:\Program Files\Java\jdk1.8.0_45
PATH=C:/Program Files/Java/jre1.8.0_45/bin/server;C:/Program Files/Java/jre1.8.0_45/bin;C:/Program Files/Java/jre1.8.0_45/lib/amd64;C:\ProgramData\Oracle\Java\javapath;C:\Program Files (x86)\Intel\iCLS Client\;C:\Program Files\Intel\iCLS Client\;C:\Windows\system32;C:\Windows;C:\Windows\System32\Wbem;C:\Windows\System32\WindowsPowerShell\v1.0\;C:\Program Files\Intel\Intel(R) Management Engine Components\DAL;C:\Program Files\Intel\Intel(R) Management Engine Components\IPT;C:\Program Files (x86)\Intel\Intel(R) Management Engine Components\DAL;C:\Program Files (x86)\Intel\Intel(R) Management Engine Components\IPT;C:\Program Files (x86)\NVIDIA Corporation\PhysX\Common;C:\Program Files (x86)\Brackets\command;C:\Program Files (x86)\Skype\Phone\;C:\Program Files\Eclipse\Eclipse Luna;
USERNAME=Andrew
OS=Windows_NT
PROCESSOR_IDENTIFIER=Intel64 Family 6 Model 58 Stepping 9, GenuineIntel



---------------  S Y S T E M  ---------------

OS: Windows 8 , 64 bit Build 9200 (6.2.9200.16815)

CPU:total 8 (4 cores per cpu, 2 threads per core) family 6 model 58 stepping 9, cmov, cx8, fxsr, mmx, sse, sse2, sse3, ssse3, sse4.1, sse4.2, popcnt, avx, aes, clmul, erms, ht, tsc, tscinvbit, tscinv

Memory: 4k page, physical 12534748k(7413260k free), swap 19522268k(10338800k free)

vm_info: Java HotSpot(TM) 64-Bit Server VM (25.45-b02) for windows-amd64 JRE (1.8.0_45-b15), built on Apr 30 2015 12:40:44 by "java_re" with MS VC++ 10.0 (VS2010)

time: Wed Sep 30 23:49:16 2015
elapsed time: 12 seconds (0d 0h 0m 12s)

